<?xml version="1.0" encoding="UTF-8"?>
<robot generator="Robot 3.2.2 (Python 3.9.2 on linux)" generated="20210311 19:54:51.050" rpa="false">
<suite id="s1" name="Test" source="/home/elek/projects/ozone-videos/ozone-development/07-robot/test.robot">
<test id="s1-t1" name="Test 1">
<kw name="File Should Exist" library="OperatingSystem">
<doc>Fails unless the given ``path`` points to an existing file.</doc>
<arguments>
<arg>touch.txt</arg>
</arguments>
<msg timestamp="20210311 19:54:51.078" level="INFO" html="yes">File '&lt;a href="file:///home/elek/projects/ozone-videos/ozone-development/07-robot/touch.txt"&gt;/home/elek/projects/ozone-videos/ozone-development/07-robot/touch.txt&lt;/a&gt;' exists.</msg>
<status status="PASS" starttime="20210311 19:54:51.078" endtime="20210311 19:54:51.078"></status>
</kw>
<kw name="Log" library="BuiltIn">
<doc>Logs the given message with the given level.</doc>
<arguments>
<arg>"Ok, at least we have the file"</arg>
</arguments>
<msg timestamp="20210311 19:54:51.078" level="INFO">"Ok, at least we have the file"</msg>
<status status="PASS" starttime="20210311 19:54:51.078" endtime="20210311 19:54:51.078"></status>
</kw>
<status status="PASS" starttime="20210311 19:54:51.078" endtime="20210311 19:54:51.079" critical="yes"></status>
</test>
<status status="PASS" starttime="20210311 19:54:51.051" endtime="20210311 19:54:51.079"></status>
</suite>
<statistics>
<total>
<stat pass="1" fail="0">Critical Tests</stat>
<stat pass="1" fail="0">All Tests</stat>
</total>
<tag>
</tag>
<suite>
<stat pass="1" fail="0" id="s1" name="Test">Test</stat>
</suite>
</statistics>
<errors>
</errors>
</robot>
